<?xml version="1.0" encoding="UTF-8"?>
<!-- Generated by org.testng.reporters.JUnitXMLReporter -->
<testsuite ignored="1" hostname="LAPTOP-B0R468S9" failures="0" tests="1" name="Amazon Web Automation" time="13.27" errors="0" timestamp="2022-07-24T15:23:24 EDT">
  <testcase classname="com.eBayTestPages.eBayHomePageTest.EbayHomePageTest" name="verifyEbaySearchBox" time="8.805"/>
  <testcase classname="com.eBayTestPages.eBayHomePageTest.EbayHomePageTest" name="getDataFromExcelSheet" time="0.0">
    <ignored/>
  </testcase> <!-- getDataFromExcelSheet -->
</testsuite> <!-- Amazon Web Automation -->
