<?xml version="1.0" encoding="UTF-8"?>
<testng-results ignored="1" total="2" passed="1" failed="0" skipped="0">
  <reporter-output>
    <line>
      <![CDATA[Extent Report DirectoryC:\Users\mahbu\IdeaProjects\TDD_MultiModule_Tahmina2022\target\surefire-reports\html]]>
    </line>
    <line>
      <![CDATA[Browser : chrome]]>
    </line>
    <line>
      <![CDATA[Url : https://www.ebay.com/]]>
    </line>
  </reporter-output>
  <suite started-at="2022-07-24T15:23:10 EDT" name="Amazon Test Suite" finished-at="2022-07-24T15:23:24 EDT" duration-ms="13270">
    <groups>
    </groups>
    <test started-at="2022-07-24T15:23:10 EDT" name="Amazon Web Automation" finished-at="2022-07-24T15:23:24 EDT" duration-ms="13270">
      <class name="com.eBayTestPages.eBayHomePageTest.EbayHomePageTest">
        <test-method is-config="true" signature="extentSetup(org.testng.ITestContext)[pri:0, instance:com.eBayTestPages.eBayHomePageTest.EbayHomePageTest@606e4010]" started-at="2022-07-24T15:23:10 EDT" name="extentSetup" finished-at="2022-07-24T15:23:10 EDT" duration-ms="156" status="PASS">
          <params>
            <param index="0">
              <value>
                <![CDATA[org.testng.TestRunner@35a0e495]]>
              </value>
            </param>
          </params>
          <reporter-output>
            <line>
              <![CDATA[Extent Report DirectoryC:\Users\mahbu\IdeaProjects\TDD_MultiModule_Tahmina2022\target\surefire-reports\html]]>
            </line>
          </reporter-output>
        </test-method> <!-- extentSetup -->
        <test-method is-config="true" signature="setUpAutomation()[pri:0, instance:com.eBayTestPages.eBayHomePageTest.EbayHomePageTest@606e4010]" started-at="2022-07-24T15:23:10 EDT" name="setUpAutomation" finished-at="2022-07-24T15:23:10 EDT" duration-ms="0" status="PASS">
          <reporter-output>
          </reporter-output>
        </test-method> <!-- setUpAutomation -->
        <test-method is-config="true" signature="setUp(boolean,java.lang.String,java.lang.String,java.lang.String,java.lang.String,java.lang.String,java.lang.String)[pri:0, instance:com.eBayTestPages.eBayHomePageTest.EbayHomePageTest@606e4010]" started-at="2022-07-24T15:23:10 EDT" name="setUp" finished-at="2022-07-24T15:23:14 EDT" duration-ms="3395" status="PASS">
          <params>
            <param index="0">
              <value>
                <![CDATA[false]]>
              </value>
            </param>
            <param index="1">
              <value>
                <![CDATA[browserStack]]>
              </value>
            </param>
            <param index="2">
              <value>
                <![CDATA[windows]]>
              </value>
            </param>
            <param index="3">
              <value>
                <![CDATA[10]]>
              </value>
            </param>
            <param index="4">
              <value>
                <![CDATA[chrome]]>
              </value>
            </param>
            <param index="5">
              <value>
                <![CDATA[103]]>
              </value>
            </param>
            <param index="6">
              <value>
                <![CDATA[https://www.ebay.com/]]>
              </value>
            </param>
          </params>
          <reporter-output>
            <line>
              <![CDATA[Browser : chrome]]>
            </line>
            <line>
              <![CDATA[Url : https://www.ebay.com/]]>
            </line>
          </reporter-output>
        </test-method> <!-- setUp -->
        <test-method is-config="true" signature="startExtent(java.lang.reflect.Method)[pri:0, instance:com.eBayTestPages.eBayHomePageTest.EbayHomePageTest@606e4010]" started-at="2022-07-24T15:23:14 EDT" name="startExtent" finished-at="2022-07-24T15:23:14 EDT" duration-ms="8" status="PASS">
          <params>
            <param index="0">
              <value>
                <![CDATA[public void com.eBayTestPages.eBayHomePageTest.EbayHomePageTest.verifyEbaySearchBox() throws java.lang.InterruptedException]]>
              </value>
            </param>
          </params>
          <reporter-output>
          </reporter-output>
        </test-method> <!-- startExtent -->
        <test-method is-config="true" signature="getInit()[pri:0, instance:com.eBayTestPages.eBayHomePageTest.EbayHomePageTest@606e4010]" started-at="2022-07-24T15:23:14 EDT" name="getInit" finished-at="2022-07-24T15:23:14 EDT" duration-ms="40" status="PASS">
          <reporter-output>
          </reporter-output>
        </test-method> <!-- getInit -->
        <test-method signature="verifyEbaySearchBox()[pri:0, instance:com.eBayTestPages.eBayHomePageTest.EbayHomePageTest@606e4010]" started-at="2022-07-24T15:23:14 EDT" name="verifyEbaySearchBox" finished-at="2022-07-24T15:23:23 EDT" duration-ms="8805" status="PASS">
          <reporter-output>
          </reporter-output>
        </test-method> <!-- verifyEbaySearchBox -->
        <test-method is-config="true" signature="afterEachTestMethod(org.testng.ITestResult)[pri:0, instance:com.eBayTestPages.eBayHomePageTest.EbayHomePageTest@606e4010]" started-at="2022-07-24T15:23:23 EDT" name="afterEachTestMethod" finished-at="2022-07-24T15:23:23 EDT" duration-ms="252" status="PASS">
          <params>
            <param index="0">
              <value>
                <![CDATA[[TestResult name=verifyEbaySearchBox status=SUCCESS method=EbayHomePageTest.verifyEbaySearchBox()[pri:0, instance:com.eBayTestPages.eBayHomePageTest.EbayHomePageTest@606e4010] output={null}]]]>
              </value>
            </param>
          </params>
          <reporter-output>
          </reporter-output>
        </test-method> <!-- afterEachTestMethod -->
        <test-method is-config="true" signature="tearDownAutomation()[pri:0, instance:com.eBayTestPages.eBayHomePageTest.EbayHomePageTest@606e4010]" started-at="2022-07-24T15:23:23 EDT" name="tearDownAutomation" finished-at="2022-07-24T15:23:24 EDT" duration-ms="754" status="PASS">
          <reporter-output>
          </reporter-output>
        </test-method> <!-- tearDownAutomation -->
        <test-method is-config="true" signature="generateReport()[pri:0, instance:com.eBayTestPages.eBayHomePageTest.EbayHomePageTest@606e4010]" started-at="2022-07-24T15:23:24 EDT" name="generateReport" finished-at="2022-07-24T15:23:24 EDT" duration-ms="31" status="PASS">
          <reporter-output>
          </reporter-output>
        </test-method> <!-- generateReport -->
      </class> <!-- com.eBayTestPages.eBayHomePageTest.EbayHomePageTest -->
    </test> <!-- Amazon Web Automation -->
  </suite> <!-- Amazon Test Suite -->
</testng-results>
